<?xml version="1.0" encoding="UTF-8" ?>
<testsuite tests="4" failures="0" name="com.lightbend.akka.sample.DeviceGroupQueryTest" time="0.18" errors="0" skipped="0">
  <properties>
[...]
</properties>
  <testcase classname="com.lightbend.akka.sample.DeviceGroupQueryTest" name="testReturnDeviceNotAvailableIfDeviceStopsBeforeAnswering" time="0.057"/>
  <testcase classname="com.lightbend.akka.sample.DeviceGroupQueryTest" name="testReturnTemperatureValueForWorkingDevices" time="0.043"/>
  <testcase classname="com.lightbend.akka.sample.DeviceGroupQueryTest" name="testReturnTemperatureNotAvailableForDevicesWithNoReadings" time="0.044"/>
  <testcase classname="com.lightbend.akka.sample.DeviceGroupQueryTest" name="testReturnTemperatureReadingEvenIfDeviceStopsAfterAnswering" time="0.036"/>
</testsuite>